        -:    0:Source:/mnt/d/Facultate/OOP/Lab6-11/Service/ServiceCos/ServiceCos.cpp
        -:    0:Graph:/mnt/d/Facultate/OOP/Lab6-11/cmake-build-debug-coverage/CMakeFiles/Lab6_11.dir/Service/ServiceCos/ServiceCos.cpp.gcno
        -:    0:Data:/mnt/d/Facultate/OOP/Lab6-11/cmake-build-debug-coverage/CMakeFiles/Lab6_11.dir/Service/ServiceCos/ServiceCos.cpp.gcda
        -:    0:Runs:1
        -:    1://
        -:    2:// Created by alxma on 4/26/2025.
        -:    3://
        -:    4:
        -:    5:#include "ServiceCos.h"
        -:    6:
        -:    7:/* --- Operatii cos --- */
        -:    8:
        -:    9:/// Goleste ofertele din cos
function _ZN10ServiceCos10golesteCosEv called 2 returned 100% blocks executed 100%
        2:   10:void ServiceCos::golesteCos() {
        2:   11:    this->cos.clear();
        2:   11-block  0
call    0 returned 2
        2:   12:}
        -:   13:
        -:   14:/// Adauga o oferta in cos
function _ZN10ServiceCos17adaugaOfertaInCosEi called 3 returned 67% blocks executed 71%
        3:   15:void ServiceCos::adaugaOfertaInCos(int id) {
        3:   16:    Oferta oferta = this->repoOferta.repoCautaElem(id);
        3:   16-block  0
call    0 returned 3
branch  1 taken 2 (fallthrough)
branch  2 taken 1 (throw)
        2:   17:    this->cos.push_back(oferta);
        2:   17-block  0
call    0 returned 2
branch  1 taken 2 (fallthrough)
branch  2 taken 0 (throw)
        2:   18:}
        2:   18-block  0
call    0 returned 2
    $$$$$:   18-block  1
call    1 never executed
        -:   19:
        -:   20:/// Genereaza un cos cu numar oferte aleatoare
function _ZN10ServiceCos19genereazaCosAleatorEi called 2 returned 50% blocks executed 70%
        2:   21:void ServiceCos::genereazaCosAleator(int numar) {
        2:   22:    vector<Oferta> oferte = this->repoOferta.repoGetAllElems();
        2:   22-block  0
call    0 returned 2
branch  1 taken 2 (fallthrough)
branch  2 taken 0 (throw)
        2:   23:    if (oferte.empty())
        2:   23-block  0
call    0 returned 2
branch  1 taken 1 (fallthrough)
branch  2 taken 1
        1:   24:        throw ServiceError("Nu exista oferte salvate pentru a genera un cos!\n");
        1:   24-block  0
call    0 returned 1
call    1 returned 1
call    2 returned 1
branch  3 taken 1 (fallthrough)
branch  4 taken 0 (throw)
        1:   24-block  1
call    5 returned 1
branch  6 taken 1 (fallthrough)
branch  7 taken 0 (throw)
        1:   24-block  2
call    8 returned 1
call    9 returned 1
call   10 returned 1
    $$$$$:   24-block  3
call   11 never executed
    $$$$$:   24-block  4
    $$$$$:   24-block  5
call   12 never executed
    $$$$$:   24-block  6
    $$$$$:   24-block  7
call   13 never executed
        -:   25:
        1:   26:    cos.clear();
        1:   26-block  0
call    0 returned 1
        1:   27:    mt19937 mt{ std::random_device{}() };
call    0 returned 1
branch  1 taken 1 (fallthrough)
branch  2 taken 0 (throw)
        1:   27-block  0
call    3 returned 1
branch  4 taken 1 (fallthrough)
branch  5 taken 0 (throw)
        1:   27-block  1
call    6 returned 1
branch  7 taken 1 (fallthrough)
branch  8 taken 0 (throw)
        1:   27-block  2
call    9 returned 1
    $$$$$:   27-block  3
call   10 never executed
    $$$$$:   27-block  4
        3:   28:    for (int i=0; i < numar; i++) {
        2:   28-block  0
        3:   28-block  1
branch  0 taken 2
branch  1 taken 1 (fallthrough)
        2:   29:        uniform_int_distribution<> dist(0, static_cast<int>(oferte.size() - 1));
        2:   29-block  0
call    0 returned 2
call    1 returned 2
branch  2 taken 2 (fallthrough)
branch  3 taken 0 (throw)
        2:   30:        const int rndNr = dist(mt);
        2:   30-block  0
call    0 returned 2
branch  1 taken 2 (fallthrough)
branch  2 taken 0 (throw)
        2:   31:        cos.push_back(oferte[rndNr]);
        2:   31-block  0
call    0 returned 2
call    1 returned 2
branch  2 taken 2 (fallthrough)
branch  3 taken 0 (throw)
        -:   32:    }
        2:   33:}
        1:   33-block  0
call    0 returned 1
        1:   33-block  1
call    1 returned 1
        -:   34:
        -:   35:/// Exportă lista de oferte din coș într-un fișier CSV
        -:   36:/// @param filename Numele fișierului în care se face exportul (fără extensie)
        -:   37:/// @throw ServiceError dacă fișierul nu poate fi deschis sau scris
function _ZNK10ServiceCos15exportaCosToCSVERKNSt7__cxx1112basic_stringIcSt11char_traitsIcESaIcEEE called 0 returned 0% blocks executed 0%
    #####:   38:void ServiceCos::exportaCosToCSV(const string& filename) const {
        -:   39:    // Deschide fișierul pentru scriere
    #####:   40:    ofstream fout(filename);
    %%%%%:   40-block  0
call    0 never executed
branch  1 never executed
branch  2 never executed
    #####:   41:    if (!fout) {
    %%%%%:   41-block  0
call    0 never executed
branch  1 never executed
branch  2 never executed
    %%%%%:   41-block  1
branch  3 never executed
branch  4 never executed
    #####:   42:        throw ServiceError("Eroare la deschiderea fișierului pentru export!");
    %%%%%:   42-block  0
call    0 never executed
call    1 never executed
call    2 never executed
branch  3 never executed
branch  4 never executed
    %%%%%:   42-block  1
call    5 never executed
branch  6 never executed
branch  7 never executed
    %%%%%:   42-block  2
call    8 never executed
call    9 never executed
call   10 never executed
    $$$$$:   42-block  3
call   11 never executed
    $$$$$:   42-block  4
    $$$$$:   42-block  5
call   12 never executed
    $$$$$:   42-block  6
    $$$$$:   42-block  7
call   13 never executed
        -:   43:    }
        -:   44:
        -:   45:    // Scrie headerul CSV
    #####:   46:    fout << "ID,Denumire,Destinatie,Tip,Pret\n";
    %%%%%:   46-block  0
call    0 never executed
branch  1 never executed
branch  2 never executed
        -:   47:
        -:   48:    // Scrie fiecare ofertă din coș în format CSV
    #####:   49:    for (const auto& oferta : cos) {
    %%%%%:   49-block  0
call    0 never executed
call    1 never executed
    %%%%%:   49-block  1
call    2 never executed
    %%%%%:   49-block  2
call    3 never executed
branch  4 never executed
branch  5 never executed
        -:   50:        fout << oferta.getId() << ","
    #####:   51:            << oferta.getDenumire() << ","
call    0 never executed
    $$$$$:   51-block  0
call    1 never executed
    $$$$$:   51-block  1
    #####:   52:            << oferta.getDestinatie() << ","
call    0 never executed
    $$$$$:   52-block  0
call    1 never executed
    $$$$$:   52-block  1
    #####:   53:            << oferta.getTip() << ","
call    0 never executed
branch  1 never executed
branch  2 never executed
    %%%%%:   53-block  0
call    3 never executed
branch  4 never executed
branch  5 never executed
    %%%%%:   53-block  1
call    6 never executed
branch  7 never executed
branch  8 never executed
    %%%%%:   53-block  2
call    9 never executed
branch 10 never executed
branch 11 never executed
    %%%%%:   53-block  3
call   12 never executed
branch 13 never executed
branch 14 never executed
    %%%%%:   53-block  4
call   15 never executed
branch 16 never executed
branch 17 never executed
    %%%%%:   53-block  5
call   18 never executed
branch 19 never executed
branch 20 never executed
    %%%%%:   53-block  6
call   21 never executed
branch 22 never executed
branch 23 never executed
    %%%%%:   53-block  7
call   24 never executed
branch 25 never executed
branch 26 never executed
    %%%%%:   53-block  8
call   27 never executed
branch 28 never executed
branch 29 never executed
    %%%%%:   53-block  9
call   30 never executed
branch 31 never executed
branch 32 never executed
    %%%%%:   53-block 10
call   33 never executed
branch 34 never executed
branch 35 never executed
    %%%%%:   53-block 11
call   36 never executed
call   37 never executed
    $$$$$:   53-block 12
call   38 never executed
    $$$$$:   53-block 13
    #####:   54:            << oferta.getPret() << "\n";
    %%%%%:   54-block  0
call    0 never executed
branch  1 never executed
branch  2 never executed
    %%%%%:   54-block  1
call    3 never executed
branch  4 never executed
branch  5 never executed
    %%%%%:   54-block  2
call    6 never executed
branch  7 never executed
branch  8 never executed
        -:   55:    }
        -:   56:
    #####:   57:    fout.close();
    %%%%%:   57-block  0
call    0 never executed
branch  1 never executed
branch  2 never executed
    #####:   58:}
    %%%%%:   58-block  0
call    0 never executed
    $$$$$:   58-block  1
call    1 never executed
        -:   59:
        -:   60:/* --- Operatii extra --- */
        -:   61:
        -:   62:/// Returneaza toate ofertele din cos
function _ZN10ServiceCos6getCosEv called 1 returned 100% blocks executed 100%
        1:   63:vector<Oferta> ServiceCos::getCos() {
        1:   64:    return this->cos;
        1:   64-block  0
call    0 returned 1
        -:   65:}
        -:   66:
        -:   67:/// Returneaza numarul de oferte din cos
function _ZN10ServiceCos7getSizeEv called 4 returned 100% blocks executed 100%
        4:   68:int ServiceCos::getSize() {
        4:   69:    return this->cos.size();
        4:   69-block  0
call    0 returned 4
        -:   70:}
        -:   71:
