        -:    0:Source:/mnt/d/Facultate/OOP/Lab6-11/Teste/Teste.cpp
        -:    0:Graph:/mnt/d/Facultate/OOP/Lab6-11/cmake-build-debug-coverage/CMakeFiles/Lab6_11.dir/Teste/Teste.cpp.gcno
        -:    0:Data:/mnt/d/Facultate/OOP/Lab6-11/cmake-build-debug-coverage/CMakeFiles/Lab6_11.dir/Teste/Teste.cpp.gcda
        -:    0:Runs:1
        -:    1://
        -:    2:// Created by alxma on 4/24/2025.
        -:    3://
        -:    4:
        -:    5:#include "Teste.h"
        -:    6:
        -:    7:#include "FileRepository.h"
        -:    8:#include "Repository.h"
        -:    9:#include "ServiceOferta/ServiceOferta.h"
        -:   10:#include "ServiceCos/ServiceCos.h"
        -:   11:
        -:   12:/// Teste pentru functiile din domeniul ofertei
function _Z18testeDomeniuOfertav called 1 returned 100% blocks executed 58%
        1:   13:void testeDomeniuOferta() {
        -:   14:    /* --- Test constructor cu parametrii --- */
        2:   15:    Oferta oferta1("Denumire1", "Destinatie1", "Tip1", 1.1, 1);
        1:   15-block  0
call    0 returned 1
call    1 returned 1
branch  2 taken 1 (fallthrough)
branch  3 taken 0 (throw)
        1:   15-block  1
call    4 returned 1
call    5 returned 1
branch  6 taken 1 (fallthrough)
branch  7 taken 0 (throw)
        1:   15-block  2
call    8 returned 1
call    9 returned 1
branch 10 taken 1 (fallthrough)
branch 11 taken 0 (throw)
        1:   15-block  3
call   12 returned 1
call   13 returned 1
call   14 returned 1
call   15 returned 1
call   16 returned 1
call   17 returned 1
    $$$$$:   15-block  4
    $$$$$:   15-block  5
    $$$$$:   15-block  6
    $$$$$:   15-block  7
    $$$$$:   15-block  8
        -:   16:
        -:   17:    /* --- Teste Getters --- */
       1*:   18:    assert(oferta1.getDenumire() == "Denumire1");
call    0 returned 1
branch  1 taken 1 (fallthrough)
branch  2 taken 0 (throw)
        1:   18-block  0
call    3 returned 1
branch  4 taken 0 (fallthrough)
branch  5 taken 1
    %%%%%:   18-block  1
call    6 never executed
        1:   18-block  2
call    7 returned 1
       1*:   19:    assert(oferta1.getDestinatie() == "Destinatie1");
call    0 returned 1
branch  1 taken 1 (fallthrough)
branch  2 taken 0 (throw)
        1:   19-block  0
call    3 returned 1
branch  4 taken 0 (fallthrough)
branch  5 taken 1
    %%%%%:   19-block  1
call    6 never executed
        1:   19-block  2
call    7 returned 1
       1*:   20:    assert(oferta1.getTip() == "Tip1");
call    0 returned 1
branch  1 taken 1 (fallthrough)
branch  2 taken 0 (throw)
        1:   20-block  0
call    3 returned 1
branch  4 taken 0 (fallthrough)
branch  5 taken 1
    %%%%%:   20-block  1
call    6 never executed
        1:   20-block  2
call    7 returned 1
       1*:   21:    assert(oferta1.getPret() == 1.1);
call    0 returned 1
branch  1 taken 1 (fallthrough)
branch  2 taken 0 (throw)
        1:   21-block  0
branch  3 taken 0 (fallthrough)
branch  4 taken 1
    %%%%%:   21-block  1
call    5 never executed
       1*:   22:    assert(oferta1.getId() == 1);
        1:   22-block  0
call    0 returned 1
branch  1 taken 1 (fallthrough)
branch  2 taken 0 (throw)
        1:   22-block  1
branch  3 taken 0 (fallthrough)
branch  4 taken 1
    %%%%%:   22-block  2
call    5 never executed
        -:   23:
        -:   24:    /* --- Test constructor prin copiere --- */
        -:   25:
        1:   26:    Oferta oferta2(oferta1);
        1:   26-block  0
call    0 returned 1
branch  1 taken 1 (fallthrough)
branch  2 taken 0 (throw)
       1*:   27:    assert(oferta2.getDenumire() == "Denumire1");
        1:   27-block  0
call    0 returned 1
branch  1 taken 1 (fallthrough)
branch  2 taken 0 (throw)
        1:   27-block  1
call    3 returned 1
branch  4 taken 0 (fallthrough)
branch  5 taken 1
    %%%%%:   27-block  2
call    6 never executed
        1:   27-block  3
call    7 returned 1
       1*:   28:    assert(oferta2.getDestinatie() == "Destinatie1");
call    0 returned 1
branch  1 taken 1 (fallthrough)
branch  2 taken 0 (throw)
        1:   28-block  0
call    3 returned 1
branch  4 taken 0 (fallthrough)
branch  5 taken 1
    %%%%%:   28-block  1
call    6 never executed
        1:   28-block  2
call    7 returned 1
       1*:   29:    assert(oferta2.getTip() == "Tip1");
call    0 returned 1
branch  1 taken 1 (fallthrough)
branch  2 taken 0 (throw)
        1:   29-block  0
call    3 returned 1
branch  4 taken 0 (fallthrough)
branch  5 taken 1
    %%%%%:   29-block  1
call    6 never executed
        1:   29-block  2
call    7 returned 1
       1*:   30:    assert(oferta2.getPret() == 1.1);
call    0 returned 1
branch  1 taken 1 (fallthrough)
branch  2 taken 0 (throw)
        1:   30-block  0
branch  3 taken 0 (fallthrough)
branch  4 taken 1
    %%%%%:   30-block  1
call    5 never executed
       1*:   31:    assert(oferta2.getId() == 1);
        1:   31-block  0
call    0 returned 1
branch  1 taken 1 (fallthrough)
branch  2 taken 0 (throw)
        1:   31-block  1
branch  3 taken 0 (fallthrough)
branch  4 taken 1
    %%%%%:   31-block  2
call    5 never executed
        -:   32:
        -:   33:    /* --- Test constructor prin atribuire --- */
        2:   34:    Oferta oferta3("", "", "", 0, 5);
        1:   34-block  0
call    0 returned 1
call    1 returned 1
branch  2 taken 1 (fallthrough)
branch  3 taken 0 (throw)
        1:   34-block  1
call    4 returned 1
call    5 returned 1
branch  6 taken 1 (fallthrough)
branch  7 taken 0 (throw)
        1:   34-block  2
call    8 returned 1
call    9 returned 1
branch 10 taken 1 (fallthrough)
branch 11 taken 0 (throw)
        1:   34-block  3
call   12 returned 1
call   13 returned 1
call   14 returned 1
call   15 returned 1
call   16 returned 1
call   17 returned 1
    $$$$$:   34-block  4
    $$$$$:   34-block  5
    $$$$$:   34-block  6
    $$$$$:   34-block  7
    $$$$$:   34-block  8
        1:   35:    oferta3 = oferta2;
call    0 returned 1
branch  1 taken 1 (fallthrough)
branch  2 taken 0 (throw)
        -:   36:
        -:   37:    /* --- Teste setters --- */
        1:   38:    oferta3.setDenumire("Denumire3");
        1:   38-block  0
call    0 returned 1
call    1 returned 1
branch  2 taken 1 (fallthrough)
branch  3 taken 0 (throw)
        1:   38-block  1
call    4 returned 1
branch  5 taken 1 (fallthrough)
branch  6 taken 0 (throw)
        1:   38-block  2
call    7 returned 1
call    8 returned 1
    $$$$$:   38-block  3
call    9 never executed
    $$$$$:   38-block  4
    $$$$$:   38-block  5
call   10 never executed
    $$$$$:   38-block  6
        1:   39:    oferta3.setDestinatie("Destinatie3");
call    0 returned 1
call    1 returned 1
branch  2 taken 1 (fallthrough)
branch  3 taken 0 (throw)
        1:   39-block  0
call    4 returned 1
branch  5 taken 1 (fallthrough)
branch  6 taken 0 (throw)
        1:   39-block  1
call    7 returned 1
call    8 returned 1
    $$$$$:   39-block  2
call    9 never executed
    $$$$$:   39-block  3
    $$$$$:   39-block  4
call   10 never executed
    $$$$$:   39-block  5
        1:   40:    oferta3.setTip("Tip3");
call    0 returned 1
call    1 returned 1
branch  2 taken 1 (fallthrough)
branch  3 taken 0 (throw)
        1:   40-block  0
call    4 returned 1
branch  5 taken 1 (fallthrough)
branch  6 taken 0 (throw)
        1:   40-block  1
call    7 returned 1
call    8 returned 1
    $$$$$:   40-block  2
call    9 never executed
    $$$$$:   40-block  3
    $$$$$:   40-block  4
call   10 never executed
    $$$$$:   40-block  5
        1:   41:    oferta3.setPret(3.3);
call    0 returned 1
branch  1 taken 1 (fallthrough)
branch  2 taken 0 (throw)
       1*:   42:    assert(oferta3.getDenumire() == "Denumire3");
        1:   42-block  0
call    0 returned 1
branch  1 taken 1 (fallthrough)
branch  2 taken 0 (throw)
        1:   42-block  1
call    3 returned 1
branch  4 taken 0 (fallthrough)
branch  5 taken 1
    %%%%%:   42-block  2
call    6 never executed
        1:   42-block  3
call    7 returned 1
       1*:   43:    assert(oferta3.getDestinatie() == "Destinatie3");
call    0 returned 1
branch  1 taken 1 (fallthrough)
branch  2 taken 0 (throw)
        1:   43-block  0
call    3 returned 1
branch  4 taken 0 (fallthrough)
branch  5 taken 1
    %%%%%:   43-block  1
call    6 never executed
        1:   43-block  2
call    7 returned 1
       1*:   44:    assert(oferta3.getTip() == "Tip3");
call    0 returned 1
branch  1 taken 1 (fallthrough)
branch  2 taken 0 (throw)
        1:   44-block  0
call    3 returned 1
branch  4 taken 0 (fallthrough)
branch  5 taken 1
    %%%%%:   44-block  1
call    6 never executed
        1:   44-block  2
call    7 returned 1
       1*:   45:    assert(oferta3.getPret() == 3.3);
call    0 returned 1
branch  1 taken 1 (fallthrough)
branch  2 taken 0 (throw)
        1:   45-block  0
branch  3 taken 0 (fallthrough)
branch  4 taken 1
    %%%%%:   45-block  1
call    5 never executed
        -:   46:
        1:   47:}
        1:   47-block  0
call    0 returned 1
call    1 returned 1
call    2 returned 1
    $$$$$:   47-block  1
call    3 never executed
    $$$$$:   47-block  2
call    4 never executed
    $$$$$:   47-block  3
call    5 never executed
        -:   48:
        -:   49:/// Teste pentru validatorul ofertei
function _Z20testeValidatorOfertav called 1 returned 100% blocks executed 48%
        1:   50:void testeValidatorOferta() {
        2:   51:    Oferta oferta1("Denumire1", "Destinatie1", "Tip1", 1.1, 1);
        1:   51-block  0
call    0 returned 1
call    1 returned 1
branch  2 taken 1 (fallthrough)
branch  3 taken 0 (throw)
        1:   51-block  1
call    4 returned 1
call    5 returned 1
branch  6 taken 1 (fallthrough)
branch  7 taken 0 (throw)
        1:   51-block  2
call    8 returned 1
call    9 returned 1
branch 10 taken 1 (fallthrough)
branch 11 taken 0 (throw)
        1:   51-block  3
call   12 returned 1
call   13 returned 1
call   14 returned 1
call   15 returned 1
call   16 returned 1
call   17 returned 1
    $$$$$:   51-block  4
    $$$$$:   51-block  5
    $$$$$:   51-block  6
    $$$$$:   51-block  7
    $$$$$:   51-block  8
        -:   52:    try {
        1:   53:        ValidatorOferta::valideazaOferta(oferta1);
call    0 returned 1
branch  1 taken 1 (fallthrough)
branch  2 taken 0 (throw)
        -:   54:        assert(true);
        -:   55:    }
    =====:   56:    catch (const ValidationError &error) {
    $$$$$:   56-block  0
branch  0 never executed
branch  1 never executed
    $$$$$:   56-block  1
call    2 never executed
    =====:   57:        assert(false);
call    0 never executed
        -:   58:    }
        2:   59:    Oferta oferta2("", "", "", -1, -1);
        1:   59-block  0
call    0 returned 1
call    1 returned 1
branch  2 taken 1 (fallthrough)
branch  3 taken 0 (throw)
        1:   59-block  1
call    4 returned 1
call    5 returned 1
branch  6 taken 1 (fallthrough)
branch  7 taken 0 (throw)
        1:   59-block  2
call    8 returned 1
call    9 returned 1
branch 10 taken 1 (fallthrough)
branch 11 taken 0 (throw)
        1:   59-block  3
call   12 returned 1
call   13 returned 1
call   14 returned 1
call   15 returned 1
call   16 returned 1
call   17 returned 1
    $$$$$:   59-block  4
    $$$$$:   59-block  5
    $$$$$:   59-block  6
    $$$$$:   59-block  7
    $$$$$:   59-block  8
        -:   60:    try {
        1:   61:        ValidatorOferta::valideazaOferta(oferta2);
call    0 returned 1
branch  1 taken 0 (fallthrough)
branch  2 taken 1 (throw)
    #####:   62:        assert(false);
    %%%%%:   62-block  0
call    0 never executed
        -:   63:    }
        1:   64:    catch (const ValidationError &error) {
        1:   64-block  0
branch  0 taken 0 (fallthrough)
branch  1 taken 1
        1:   64-block  1
call    2 returned 1
        1:   65:        assert(error.getMessage()=="Destinatia trebuie sa fie nevida!\n"
call    0 returned 1
call    1 returned 1
branch  2 taken 0 (fallthrough)
branch  3 taken 1
    $$$$$:   65-block  0
call    4 never executed
        -:   66:                                   "Denumirea trebuie sa fie nevida!\n"
        -:   67:                                   "Tipul trebuie sa fie nevid!\n"
        -:   68:                                   "Pretul trebuie sa fie un numar pozitiv!\n"
        -:   69:                                   "Id-ul trebuie sa fie un numar natural!\n");
        1:   70:    }
        1:   70-block  0
call    0 returned 1
branch  1 taken 1 (fallthrough)
branch  2 taken 0 (throw)
        1:   71:}
        1:   71-block  0
call    0 returned 1
call    1 returned 1
    $$$$$:   71-block  1
call    2 never executed
    $$$$$:   71-block  2
call    3 never executed
        -:   72:
        -:   73:/// Teste pentru repository (testat pe oferta, dar e generic)
function _Z15testeRepositoryv called 1 returned 100% blocks executed 56%
        1:   74:void testeRepository() {
        1:   75:    Repository<Oferta> repoOferta;
        1:   75-block  0
call    0 returned 1
        -:   76:
        -:   77:    /* Teste operatii CRUD --- */
        -:   78:
        -:   79:    /* --- Test adaugare --- */
       1*:   80:    assert(repoOferta.repoGetSize() == 0);
call    0 returned 1
branch  1 taken 0 (fallthrough)
branch  2 taken 1
    %%%%%:   80-block  0
call    3 never executed
        -:   81:    // Test adaugare cu oferta inexistenta
        2:   82:    Oferta oferta1("Denumire1", "Destinatie1", "Tip1", 1.1, 1);
        1:   82-block  0
call    0 returned 1
call    1 returned 1
branch  2 taken 1 (fallthrough)
branch  3 taken 0 (throw)
        1:   82-block  1
call    4 returned 1
call    5 returned 1
branch  6 taken 1 (fallthrough)
branch  7 taken 0 (throw)
        1:   82-block  2
call    8 returned 1
call    9 returned 1
branch 10 taken 1 (fallthrough)
branch 11 taken 0 (throw)
        1:   82-block  3
call   12 returned 1
call   13 returned 1
call   14 returned 1
call   15 returned 1
call   16 returned 1
call   17 returned 1
    $$$$$:   82-block  4
    $$$$$:   82-block  5
    $$$$$:   82-block  6
    $$$$$:   82-block  7
    $$$$$:   82-block  8
        1:   83:    repoOferta.repoAdaugaElem(oferta1);
call    0 returned 1
branch  1 taken 1 (fallthrough)
branch  2 taken 0 (throw)
       1*:   84:    assert(repoOferta.repoGetSize() == 1);
        1:   84-block  0
call    0 returned 1
branch  1 taken 0 (fallthrough)
branch  2 taken 1
    %%%%%:   84-block  1
call    3 never executed
        -:   85:    // Test adaugare cu oferta existenta
        -:   86:    try {
        1:   87:        repoOferta.repoAdaugaElem(oferta1);
        1:   87-block  0
call    0 returned 1
branch  1 taken 0 (fallthrough)
branch  2 taken 1 (throw)
    #####:   88:        assert(false);
    %%%%%:   88-block  0
call    0 never executed
        -:   89:    }
        1:   90:    catch (const RepoError &error) {
        1:   90-block  0
branch  0 taken 0 (fallthrough)
branch  1 taken 1
        1:   90-block  1
call    2 returned 1
        1:   91:        assert(error.getMessage() == "Deja exista un element salvat, cu id-ul 1!\n");
call    0 returned 1
call    1 returned 1
branch  2 taken 0 (fallthrough)
branch  3 taken 1
    $$$$$:   91-block  0
call    4 never executed
        1:   92:    }
        1:   92-block  0
call    0 returned 1
branch  1 taken 1 (fallthrough)
branch  2 taken 0 (throw)
        -:   93:
        -:   94:    /* --- Test cautare --- */
        -:   95:    // Test cautare oferta existenta
        1:   96:    assert(repoOferta.repoCautaElem(1) == oferta1);
        1:   96-block  0
call    0 returned 1
branch  1 taken 1 (fallthrough)
branch  2 taken 0 (throw)
        1:   96-block  1
call    3 returned 1
branch  4 taken 0 (fallthrough)
branch  5 taken 1
    $$$$$:   96-block  2
call    6 never executed
        1:   96-block  3
call    7 returned 1
        -:   97:    // Test cautare oferta inexistenta
        -:   98:    try {
        1:   99:        repoOferta.repoCautaElem(2);
call    0 returned 1
branch  1 taken 0 (fallthrough)
branch  2 taken 1 (throw)
    $$$$$:   99-block  0
call    3 never executed
    =====:  100:        assert(false);
call    0 never executed
        -:  101:    }
        1:  102:    catch (const RepoError &error) {
        1:  102-block  0
branch  0 taken 0 (fallthrough)
branch  1 taken 1
        1:  102-block  1
call    2 returned 1
        1:  103:        assert(error.getMessage() == "Nu exista niciun element, cu id-ul 2!\n");
call    0 returned 1
call    1 returned 1
branch  2 taken 0 (fallthrough)
branch  3 taken 1
    $$$$$:  103-block  0
call    4 never executed
        1:  104:    }
        1:  104-block  0
call    0 returned 1
branch  1 taken 1 (fallthrough)
branch  2 taken 0 (throw)
        -:  105:
        -:  106:
        -:  107:    /* --- Test modificare --- */
        -:  108:    // Test modificare oferta existenta
        2:  109:    Oferta oferta2("Denumire2", "Destinatie2", "Tip2", 2.2, 1);
        1:  109-block  0
call    0 returned 1
call    1 returned 1
branch  2 taken 1 (fallthrough)
branch  3 taken 0 (throw)
        1:  109-block  1
call    4 returned 1
call    5 returned 1
branch  6 taken 1 (fallthrough)
branch  7 taken 0 (throw)
        1:  109-block  2
call    8 returned 1
call    9 returned 1
branch 10 taken 1 (fallthrough)
branch 11 taken 0 (throw)
        1:  109-block  3
call   12 returned 1
call   13 returned 1
call   14 returned 1
call   15 returned 1
call   16 returned 1
call   17 returned 1
    $$$$$:  109-block  4
    $$$$$:  109-block  5
    $$$$$:  109-block  6
    $$$$$:  109-block  7
    $$$$$:  109-block  8
        1:  110:    repoOferta.repoModificaElem(oferta2);
call    0 returned 1
branch  1 taken 1 (fallthrough)
branch  2 taken 0 (throw)
        1:  111:    assert(repoOferta.repoCautaElem(1) == oferta2);
        1:  111-block  0
call    0 returned 1
branch  1 taken 1 (fallthrough)
branch  2 taken 0 (throw)
        1:  111-block  1
call    3 returned 1
branch  4 taken 0 (fallthrough)
branch  5 taken 1
    $$$$$:  111-block  2
call    6 never executed
        1:  111-block  3
call    7 returned 1
        -:  112:    // Test modificare oferta inexistenta
        2:  113:    Oferta oferta3("Denumire3", "Destinatie3", "Tip3", 3.3, 2);
call    0 returned 1
call    1 returned 1
branch  2 taken 1 (fallthrough)
branch  3 taken 0 (throw)
        1:  113-block  0
call    4 returned 1
call    5 returned 1
branch  6 taken 1 (fallthrough)
branch  7 taken 0 (throw)
        1:  113-block  1
call    8 returned 1
call    9 returned 1
branch 10 taken 1 (fallthrough)
branch 11 taken 0 (throw)
        1:  113-block  2
call   12 returned 1
call   13 returned 1
call   14 returned 1
call   15 returned 1
call   16 returned 1
call   17 returned 1
    $$$$$:  113-block  3
    $$$$$:  113-block  4
    $$$$$:  113-block  5
    $$$$$:  113-block  6
    $$$$$:  113-block  7
        -:  114:    try {
        1:  115:        repoOferta.repoModificaElem(oferta3);
call    0 returned 1
branch  1 taken 0 (fallthrough)
branch  2 taken 1 (throw)
    =====:  116:        assert(false);
    $$$$$:  116-block  0
call    0 never executed
        -:  117:    }
        1:  118:    catch (const RepoError &error) {
        1:  118-block  0
branch  0 taken 0 (fallthrough)
branch  1 taken 1
        1:  118-block  1
call    2 returned 1
        1:  119:        assert(error.getMessage() == "Nu exista niciun element, cu id-ul 2!\n");
call    0 returned 1
call    1 returned 1
branch  2 taken 0 (fallthrough)
branch  3 taken 1
    $$$$$:  119-block  0
call    4 never executed
        1:  120:    }
        1:  120-block  0
call    0 returned 1
branch  1 taken 1 (fallthrough)
branch  2 taken 0 (throw)
        -:  121:
        -:  122:    /* --- Test stergere --- */
        -:  123:    // Test stergere oferta existenta
        1:  124:    repoOferta.repoStergeElem(1);
        1:  124-block  0
call    0 returned 1
branch  1 taken 1 (fallthrough)
branch  2 taken 0 (throw)
        1:  125:    assert(repoOferta.repoGetSize() == 0);
        1:  125-block  0
call    0 returned 1
branch  1 taken 0 (fallthrough)
branch  2 taken 1
    $$$$$:  125-block  1
call    3 never executed
        -:  126:    // Test stergere oferta inexistenta
        -:  127:    try {
        1:  128:        repoOferta.repoStergeElem(2);
        1:  128-block  0
call    0 returned 1
branch  1 taken 0 (fallthrough)
branch  2 taken 1 (throw)
    =====:  129:        assert(false);
    $$$$$:  129-block  0
call    0 never executed
        -:  130:    }
        1:  131:    catch (const RepoError &error) {
        1:  131-block  0
branch  0 taken 0 (fallthrough)
branch  1 taken 1
        1:  131-block  1
call    2 returned 1
        1:  132:        assert(error.getMessage() == "Nu exista niciun element, cu id-ul 2!\n");
call    0 returned 1
call    1 returned 1
branch  2 taken 0 (fallthrough)
branch  3 taken 1
    $$$$$:  132-block  0
call    4 never executed
        1:  133:    }
        1:  133-block  0
call    0 returned 1
branch  1 taken 1 (fallthrough)
branch  2 taken 0 (throw)
        1:  134:}
        1:  134-block  0
call    0 returned 1
call    1 returned 1
call    2 returned 1
call    3 returned 1
    $$$$$:  134-block  1
call    4 never executed
    $$$$$:  134-block  2
call    5 never executed
    $$$$$:  134-block  3
call    6 never executed
    $$$$$:  134-block  4
call    7 never executed
        -:  135:
        -:  136:/// Teste pentru serviceOferta
function _Z18testeServiceOfertav called 1 returned 100% blocks executed 55%
        1:  137:void testeServiceOferta() {
        1:  138:    Repository<Oferta> repoOferta;
        1:  138-block  0
call    0 returned 1
        1:  139:    ServiceOferta service{repoOferta};
call    0 returned 1
        -:  140:    
        -:  141:    /* --- Test adaugare --- */
        -:  142:    // Test adaugare oferta valida
        2:  143:    Oferta oferta1{"Denumire1", "Destinatie1", "Tip1", 100.0, 1};
call    0 returned 1
call    1 returned 1
branch  2 taken 1 (fallthrough)
branch  3 taken 0 (throw)
        1:  143-block  0
call    4 returned 1
call    5 returned 1
branch  6 taken 1 (fallthrough)
branch  7 taken 0 (throw)
        1:  143-block  1
call    8 returned 1
call    9 returned 1
branch 10 taken 1 (fallthrough)
branch 11 taken 0 (throw)
        1:  143-block  2
call   12 returned 1
call   13 returned 1
call   14 returned 1
call   15 returned 1
call   16 returned 1
call   17 returned 1
    $$$$$:  143-block  3
    $$$$$:  143-block  4
    $$$$$:  143-block  5
    $$$$$:  143-block  6
    $$$$$:  143-block  7
        1:  144:    service.serviceAdaugaOferta(oferta1);
call    0 returned 1
branch  1 taken 1 (fallthrough)
branch  2 taken 0 (throw)
       1*:  145:    assert(service.serviceGetAllOferte().size() == 1);
        1:  145-block  0
call    0 returned 1
branch  1 taken 1 (fallthrough)
branch  2 taken 0 (throw)
        1:  145-block  1
call    3 returned 1
branch  4 taken 0 (fallthrough)
branch  5 taken 1
    %%%%%:  145-block  2
call    6 never executed
        1:  145-block  3
call    7 returned 1
        -:  146:    
        -:  147:    // Test adaugare oferta invalida
        2:  148:    Oferta oferta2{"", "", "", -100.0, -1};
call    0 returned 1
call    1 returned 1
branch  2 taken 1 (fallthrough)
branch  3 taken 0 (throw)
        1:  148-block  0
call    4 returned 1
call    5 returned 1
branch  6 taken 1 (fallthrough)
branch  7 taken 0 (throw)
        1:  148-block  1
call    8 returned 1
call    9 returned 1
branch 10 taken 1 (fallthrough)
branch 11 taken 0 (throw)
        1:  148-block  2
call   12 returned 1
call   13 returned 1
call   14 returned 1
call   15 returned 1
call   16 returned 1
call   17 returned 1
    $$$$$:  148-block  3
    $$$$$:  148-block  4
    $$$$$:  148-block  5
    $$$$$:  148-block  6
    $$$$$:  148-block  7
        -:  149:    try {
        1:  150:        service.serviceAdaugaOferta(oferta2);
call    0 returned 1
branch  1 taken 0 (fallthrough)
branch  2 taken 1 (throw)
    #####:  151:        assert(false);
    %%%%%:  151-block  0
call    0 never executed
        -:  152:    }
        1:  153:    catch (const ValidationError& error) {
        1:  153-block  0
branch  0 taken 0 (fallthrough)
branch  1 taken 1
        1:  153-block  1
call    2 returned 1
        1:  154:        assert(error.getMessage() == "Destinatia trebuie sa fie nevida!\n"
call    0 returned 1
call    1 returned 1
branch  2 taken 0 (fallthrough)
branch  3 taken 1
    $$$$$:  154-block  0
call    4 never executed
        -:  155:                                   "Denumirea trebuie sa fie nevida!\n"
        -:  156:                                   "Tipul trebuie sa fie nevid!\n"
        -:  157:                                   "Pretul trebuie sa fie un numar pozitiv!\n"
        -:  158:                                   "Id-ul trebuie sa fie un numar natural!\n");
        1:  159:    }
        1:  159-block  0
call    0 returned 1
branch  1 taken 1 (fallthrough)
branch  2 taken 0 (throw)
        -:  160:    
        -:  161:    // Test adaugare oferta cu id existent
        2:  162:    Oferta oferta3{"AltaDenumire", "AltaDestinatie", "AltTip", 200.0, 1};
        1:  162-block  0
call    0 returned 1
call    1 returned 1
branch  2 taken 1 (fallthrough)
branch  3 taken 0 (throw)
        1:  162-block  1
call    4 returned 1
call    5 returned 1
branch  6 taken 1 (fallthrough)
branch  7 taken 0 (throw)
        1:  162-block  2
call    8 returned 1
call    9 returned 1
branch 10 taken 1 (fallthrough)
branch 11 taken 0 (throw)
        1:  162-block  3
call   12 returned 1
call   13 returned 1
call   14 returned 1
call   15 returned 1
call   16 returned 1
call   17 returned 1
    $$$$$:  162-block  4
    $$$$$:  162-block  5
    $$$$$:  162-block  6
    $$$$$:  162-block  7
    $$$$$:  162-block  8
        -:  163:    try {
        1:  164:        service.serviceAdaugaOferta(oferta3);
call    0 returned 1
branch  1 taken 0 (fallthrough)
branch  2 taken 1 (throw)
    =====:  165:        assert(false);
    $$$$$:  165-block  0
call    0 never executed
        -:  166:    }
        1:  167:    catch (const RepoError& error) {
        1:  167-block  0
branch  0 taken 0 (fallthrough)
branch  1 taken 1
        1:  167-block  1
call    2 returned 1
        1:  168:        assert(error.getMessage() == "Deja exista un element salvat, cu id-ul 1!\n");
call    0 returned 1
call    1 returned 1
branch  2 taken 0 (fallthrough)
branch  3 taken 1
    $$$$$:  168-block  0
call    4 never executed
        1:  169:    }
        1:  169-block  0
call    0 returned 1
branch  1 taken 1 (fallthrough)
branch  2 taken 0 (throw)
        -:  170:    
        -:  171:    /* --- Test cautare --- */
        -:  172:    // Test cautare oferta existenta
        1:  173:    Oferta oferta4 = service.serviceCautaOferta(1);
        1:  173-block  0
call    0 returned 1
branch  1 taken 1 (fallthrough)
branch  2 taken 0 (throw)
        1:  174:    assert(oferta4 == oferta1);
        1:  174-block  0
call    0 returned 1
branch  1 taken 0 (fallthrough)
branch  2 taken 1
    $$$$$:  174-block  1
call    3 never executed
        -:  175:    
        -:  176:    // Test cautare oferta inexistenta
        -:  177:    try {
        1:  178:        service.serviceCautaOferta(999);
        1:  178-block  0
call    0 returned 1
branch  1 taken 0 (fallthrough)
branch  2 taken 1 (throw)
    $$$$$:  178-block  1
call    3 never executed
    =====:  179:        assert(false);
call    0 never executed
        -:  180:    }
        1:  181:    catch (const RepoError& error) {
        1:  181-block  0
branch  0 taken 0 (fallthrough)
branch  1 taken 1
        1:  181-block  1
call    2 returned 1
        1:  182:        assert(error.getMessage() == "Nu exista niciun element, cu id-ul 999!\n");
call    0 returned 1
call    1 returned 1
branch  2 taken 0 (fallthrough)
branch  3 taken 1
    $$$$$:  182-block  0
call    4 never executed
        1:  183:    }
        1:  183-block  0
call    0 returned 1
branch  1 taken 1 (fallthrough)
branch  2 taken 0 (throw)
        -:  184:    
        -:  185:    /* --- Test modificare --- */
        -:  186:    // Test modificare oferta existenta
        2:  187:    Oferta oferta5{"DenumireNoua", "DestinatieNoua", "TipNou", 150.0, 1};
        1:  187-block  0
call    0 returned 1
call    1 returned 1
branch  2 taken 1 (fallthrough)
branch  3 taken 0 (throw)
        1:  187-block  1
call    4 returned 1
call    5 returned 1
branch  6 taken 1 (fallthrough)
branch  7 taken 0 (throw)
        1:  187-block  2
call    8 returned 1
call    9 returned 1
branch 10 taken 1 (fallthrough)
branch 11 taken 0 (throw)
        1:  187-block  3
call   12 returned 1
call   13 returned 1
call   14 returned 1
call   15 returned 1
call   16 returned 1
call   17 returned 1
    $$$$$:  187-block  4
    $$$$$:  187-block  5
    $$$$$:  187-block  6
    $$$$$:  187-block  7
    $$$$$:  187-block  8
        1:  188:    service.serviceModificaOferta(oferta5);
call    0 returned 1
branch  1 taken 1 (fallthrough)
branch  2 taken 0 (throw)
        1:  189:    assert(service.serviceCautaOferta(1) == oferta5);
        1:  189-block  0
call    0 returned 1
branch  1 taken 1 (fallthrough)
branch  2 taken 0 (throw)
        1:  189-block  1
call    3 returned 1
branch  4 taken 0 (fallthrough)
branch  5 taken 1
    $$$$$:  189-block  2
call    6 never executed
        1:  189-block  3
call    7 returned 1
        -:  190:    
        -:  191:    // Test modificare oferta invalida
        -:  192:    try {
        1:  193:        service.serviceModificaOferta(oferta2);
call    0 returned 1
branch  1 taken 0 (fallthrough)
branch  2 taken 1 (throw)
    =====:  194:        assert(false);
    $$$$$:  194-block  0
call    0 never executed
        -:  195:    }
        1:  196:    catch (const ValidationError& error) {
        1:  196-block  0
branch  0 taken 0 (fallthrough)
branch  1 taken 1
        1:  196-block  1
call    2 returned 1
        1:  197:        assert(error.getMessage() == "Destinatia trebuie sa fie nevida!\n"
call    0 returned 1
call    1 returned 1
branch  2 taken 0 (fallthrough)
branch  3 taken 1
    $$$$$:  197-block  0
call    4 never executed
        -:  198:                                   "Denumirea trebuie sa fie nevida!\n"
        -:  199:                                   "Tipul trebuie sa fie nevid!\n"
        -:  200:                                   "Pretul trebuie sa fie un numar pozitiv!\n"
        -:  201:                                   "Id-ul trebuie sa fie un numar natural!\n");
        1:  202:    }
        1:  202-block  0
call    0 returned 1
branch  1 taken 1 (fallthrough)
branch  2 taken 0 (throw)
        -:  203:    
        -:  204:    // Test modificare oferta inexistenta
        2:  205:    Oferta oferta6{"Denumire", "Destinatie", "Tip", 100.0, 999};
        1:  205-block  0
call    0 returned 1
call    1 returned 1
branch  2 taken 1 (fallthrough)
branch  3 taken 0 (throw)
        1:  205-block  1
call    4 returned 1
call    5 returned 1
branch  6 taken 1 (fallthrough)
branch  7 taken 0 (throw)
        1:  205-block  2
call    8 returned 1
call    9 returned 1
branch 10 taken 1 (fallthrough)
branch 11 taken 0 (throw)
        1:  205-block  3
call   12 returned 1
call   13 returned 1
call   14 returned 1
call   15 returned 1
call   16 returned 1
call   17 returned 1
    $$$$$:  205-block  4
    $$$$$:  205-block  5
    $$$$$:  205-block  6
    $$$$$:  205-block  7
    $$$$$:  205-block  8
        -:  206:    try {
        1:  207:        service.serviceModificaOferta(oferta6);
call    0 returned 1
branch  1 taken 0 (fallthrough)
branch  2 taken 1 (throw)
    =====:  208:        assert(false);
    $$$$$:  208-block  0
call    0 never executed
        -:  209:    }
        1:  210:    catch (const RepoError& error) {
        1:  210-block  0
branch  0 taken 0 (fallthrough)
branch  1 taken 1
        1:  210-block  1
call    2 returned 1
        1:  211:        assert(error.getMessage() == "Nu exista niciun element, cu id-ul 999!\n");
call    0 returned 1
call    1 returned 1
branch  2 taken 0 (fallthrough)
branch  3 taken 1
    $$$$$:  211-block  0
call    4 never executed
        1:  212:    }
        1:  212-block  0
call    0 returned 1
branch  1 taken 1 (fallthrough)
branch  2 taken 0 (throw)
        -:  213:    
        -:  214:    /* --- Test stergere --- */
        -:  215:    // Test stergere oferta existenta
        1:  216:    service.serviceStergeOferta(1);
        1:  216-block  0
call    0 returned 1
branch  1 taken 1 (fallthrough)
branch  2 taken 0 (throw)
        1:  217:    assert(service.serviceGetAllOferte().empty());
        1:  217-block  0
call    0 returned 1
branch  1 taken 1 (fallthrough)
branch  2 taken 0 (throw)
        1:  217-block  1
call    3 returned 1
branch  4 taken 0 (fallthrough)
branch  5 taken 1
    $$$$$:  217-block  2
call    6 never executed
        1:  217-block  3
call    7 returned 1
        -:  218:    
        -:  219:    // Test stergere oferta inexistenta
        -:  220:    try {
        1:  221:        service.serviceStergeOferta(999);
call    0 returned 1
branch  1 taken 0 (fallthrough)
branch  2 taken 1 (throw)
    =====:  222:        assert(false);
    $$$$$:  222-block  0
call    0 never executed
        -:  223:    }
        1:  224:    catch (const RepoError& error) {
        1:  224-block  0
branch  0 taken 0 (fallthrough)
branch  1 taken 1
        1:  224-block  1
call    2 returned 1
        1:  225:        assert(error.getMessage() == "Nu exista niciun element, cu id-ul 999!\n");
call    0 returned 1
call    1 returned 1
branch  2 taken 0 (fallthrough)
branch  3 taken 1
    $$$$$:  225-block  0
call    4 never executed
        1:  226:    }
        1:  226-block  0
call    0 returned 1
branch  1 taken 1 (fallthrough)
branch  2 taken 0 (throw)
        -:  227:
        -:  228:    /* --- Test filtrare --- */
        -:  229:
        2:  230:    Oferta of1{"Hotel1", "Romania", "Cazare", 100.0, 1};
        1:  230-block  0
call    0 returned 1
call    1 returned 1
branch  2 taken 1 (fallthrough)
branch  3 taken 0 (throw)
        1:  230-block  1
call    4 returned 1
call    5 returned 1
branch  6 taken 1 (fallthrough)
branch  7 taken 0 (throw)
        1:  230-block  2
call    8 returned 1
call    9 returned 1
branch 10 taken 1 (fallthrough)
branch 11 taken 0 (throw)
        1:  230-block  3
call   12 returned 1
call   13 returned 1
call   14 returned 1
call   15 returned 1
call   16 returned 1
call   17 returned 1
    $$$$$:  230-block  4
    $$$$$:  230-block  5
    $$$$$:  230-block  6
    $$$$$:  230-block  7
    $$$$$:  230-block  8
        2:  231:    Oferta of2{"Hotel2", "Romania", "Cazare", 200.0, 2};
call    0 returned 1
call    1 returned 1
branch  2 taken 1 (fallthrough)
branch  3 taken 0 (throw)
        1:  231-block  0
call    4 returned 1
call    5 returned 1
branch  6 taken 1 (fallthrough)
branch  7 taken 0 (throw)
        1:  231-block  1
call    8 returned 1
call    9 returned 1
branch 10 taken 1 (fallthrough)
branch 11 taken 0 (throw)
        1:  231-block  2
call   12 returned 1
call   13 returned 1
call   14 returned 1
call   15 returned 1
call   16 returned 1
call   17 returned 1
    $$$$$:  231-block  3
    $$$$$:  231-block  4
    $$$$$:  231-block  5
    $$$$$:  231-block  6
    $$$$$:  231-block  7
        2:  232:    Oferta of3{"Hotel3", "Italia", "Cazare", 150.0, 3};
call    0 returned 1
call    1 returned 1
branch  2 taken 1 (fallthrough)
branch  3 taken 0 (throw)
        1:  232-block  0
call    4 returned 1
call    5 returned 1
branch  6 taken 1 (fallthrough)
branch  7 taken 0 (throw)
        1:  232-block  1
call    8 returned 1
call    9 returned 1
branch 10 taken 1 (fallthrough)
branch 11 taken 0 (throw)
        1:  232-block  2
call   12 returned 1
call   13 returned 1
call   14 returned 1
call   15 returned 1
call   16 returned 1
call   17 returned 1
    $$$$$:  232-block  3
    $$$$$:  232-block  4
    $$$$$:  232-block  5
    $$$$$:  232-block  6
    $$$$$:  232-block  7
        1:  233:    service.serviceAdaugaOferta(of1);
call    0 returned 1
branch  1 taken 1 (fallthrough)
branch  2 taken 0 (throw)
        1:  234:    service.serviceAdaugaOferta(of2);
        1:  234-block  0
call    0 returned 1
branch  1 taken 1 (fallthrough)
branch  2 taken 0 (throw)
        1:  235:    service.serviceAdaugaOferta(of3);
        1:  235-block  0
call    0 returned 1
branch  1 taken 1 (fallthrough)
branch  2 taken 0 (throw)
        -:  236:
        -:  237:    // Filtrare după destinație
        2:  238:    auto filtruDestinatie = service.serviceFiltreazaDupaDestinatieOferta("Romania");
        1:  238-block  0
call    0 returned 1
call    1 returned 1
branch  2 taken 1 (fallthrough)
branch  3 taken 0 (throw)
        1:  238-block  1
call    4 returned 1
branch  5 taken 1 (fallthrough)
branch  6 taken 0 (throw)
call    7 returned 1
    $$$$$:  238-block  2
    $$$$$:  238-block  3
        1:  239:    assert(filtruDestinatie.size() == 2);
call    0 returned 1
branch  1 taken 0 (fallthrough)
branch  2 taken 1
    $$$$$:  239-block  0
call    3 never executed
        1:  240:    assert(filtruDestinatie[0].getDestinatie() == "Romania");
        1:  240-block  0
call    0 returned 1
call    1 returned 1
branch  2 taken 1 (fallthrough)
branch  3 taken 0 (throw)
        1:  240-block  1
call    4 returned 1
branch  5 taken 0 (fallthrough)
branch  6 taken 1
    $$$$$:  240-block  2
call    7 never executed
        1:  240-block  3
call    8 returned 1
        1:  241:    assert(filtruDestinatie[1].getDestinatie() == "Romania");
call    0 returned 1
call    1 returned 1
branch  2 taken 1 (fallthrough)
branch  3 taken 0 (throw)
        1:  241-block  0
call    4 returned 1
branch  5 taken 0 (fallthrough)
branch  6 taken 1
    $$$$$:  241-block  1
call    7 never executed
        1:  241-block  2
call    8 returned 1
        -:  242:
        -:  243:    // Filtrare după destinație inexistentă
        2:  244:    auto filtruDestinatieInexistenta = service.serviceFiltreazaDupaDestinatieOferta("Spania");
call    0 returned 1
call    1 returned 1
branch  2 taken 1 (fallthrough)
branch  3 taken 0 (throw)
        1:  244-block  0
call    4 returned 1
branch  5 taken 1 (fallthrough)
branch  6 taken 0 (throw)
call    7 returned 1
    $$$$$:  244-block  1
    $$$$$:  244-block  2
        1:  245:    assert(filtruDestinatieInexistenta.empty());
call    0 returned 1
branch  1 taken 0 (fallthrough)
branch  2 taken 1
    $$$$$:  245-block  0
call    3 never executed
        -:  246:
        -:  247:    // Filtrare după preț
        1:  248:    auto filtruPret = service.serviceFiltreazaDupaPretOferta(120.0, 250.0);
        1:  248-block  0
call    0 returned 1
branch  1 taken 1 (fallthrough)
branch  2 taken 0 (throw)
        1:  249:    assert(filtruPret.size() == 2);
        1:  249-block  0
call    0 returned 1
branch  1 taken 0 (fallthrough)
branch  2 taken 1
    $$$$$:  249-block  1
call    3 never executed
        3:  250:    for (const auto& o : filtruPret) {
        1:  250-block  0
call    0 returned 1
call    1 returned 1
        2:  250-block  1
call    2 returned 2
        2:  250-block  2
call    3 returned 2
        3:  250-block  3
call    4 returned 3
branch  5 taken 2
branch  6 taken 1 (fallthrough)
        2:  251:        assert(o.getPret() >= 120.0 && o.getPret() <= 250.0);
call    0 returned 2
branch  1 taken 2 (fallthrough)
branch  2 taken 0 (throw)
        2:  251-block  0
branch  3 taken 2 (fallthrough)
branch  4 taken 0
        2:  251-block  1
call    5 returned 2
branch  6 taken 2 (fallthrough)
branch  7 taken 0 (throw)
        2:  251-block  2
branch  8 taken 2 (fallthrough)
branch  9 taken 0
    $$$$$:  251-block  3
call   10 never executed
        -:  252:    }
        -:  253:
        -:  254:    /* --- Test sortare --- */
        -:  255:
        -:  256:    // Sortare după denumire
        1:  257:    service.serviceSortareOferta(1);
        1:  257-block  0
call    0 returned 1
branch  1 taken 1 (fallthrough)
branch  2 taken 0 (throw)
        1:  258:    auto sortDenumire = service.serviceGetAllOferte();
        1:  258-block  0
call    0 returned 1
branch  1 taken 1 (fallthrough)
branch  2 taken 0 (throw)
        1:  259:    assert(sortDenumire.size() == 3);
        1:  259-block  0
call    0 returned 1
branch  1 taken 0 (fallthrough)
branch  2 taken 1
    $$$$$:  259-block  1
call    3 never executed
function _ZZ18testeServiceOfertavENKUlRK6OfertaS1_E_clES1_S1_ called 2 returned 100% blocks executed 77%
        3:  260:    assert(is_sorted(sortDenumire.begin(), sortDenumire.end(),
        1:  260-block  0
call    0 returned 1
call    1 returned 1
call    2 returned 1
branch  3 taken 1 (fallthrough)
branch  4 taken 0 (throw)
        1:  260-block  1
branch  5 taken 0 (fallthrough)
branch  6 taken 1
    $$$$$:  260-block  2
call    7 never executed
        2:  260-block  3
call    8 returned 2
call    9 returned 2
branch 10 taken 2 (fallthrough)
branch 11 taken 0 (throw)
        2:  260-block  4
call   12 returned 2
branch 13 taken 2 (fallthrough)
branch 14 taken 0 (throw)
        2:  260-block  5
call   15 returned 2
call   16 returned 2
call   17 returned 2
call   18 returned 2
        2:  260-block  6
    $$$$$:  260-block  7
call   19 never executed
    $$$$$:  260-block  8
        -:  261:           [](const Oferta& o1, const Oferta& o2) { return o1.getDenumire() < o2.getDenumire(); }));
        -:  262:
        -:  263:    // Sortare după destinație
        1:  264:    service.serviceSortareOferta(2);
        1:  264-block  0
call    0 returned 1
branch  1 taken 1 (fallthrough)
branch  2 taken 0 (throw)
        1:  265:    auto sortDestinatie = service.serviceGetAllOferte();
        1:  265-block  0
call    0 returned 1
branch  1 taken 1 (fallthrough)
branch  2 taken 0 (throw)
        1:  266:    assert(sortDestinatie.size() == 3);
        1:  266-block  0
call    0 returned 1
branch  1 taken 0 (fallthrough)
branch  2 taken 1
    $$$$$:  266-block  1
call    3 never executed
function _ZZ18testeServiceOfertavENKUlRK6OfertaS1_E0_clES1_S1_ called 2 returned 100% blocks executed 77%
        3:  267:    assert(is_sorted(sortDestinatie.begin(), sortDestinatie.end(),
        1:  267-block  0
call    0 returned 1
call    1 returned 1
call    2 returned 1
branch  3 taken 1 (fallthrough)
branch  4 taken 0 (throw)
        1:  267-block  1
branch  5 taken 0 (fallthrough)
branch  6 taken 1
    $$$$$:  267-block  2
call    7 never executed
        2:  267-block  3
call    8 returned 2
call    9 returned 2
branch 10 taken 2 (fallthrough)
branch 11 taken 0 (throw)
        2:  267-block  4
call   12 returned 2
branch 13 taken 2 (fallthrough)
branch 14 taken 0 (throw)
        2:  267-block  5
call   15 returned 2
call   16 returned 2
call   17 returned 2
call   18 returned 2
        2:  267-block  6
    $$$$$:  267-block  7
call   19 never executed
    $$$$$:  267-block  8
        -:  268:           [](const Oferta& o1, const Oferta& o2) { return o1.getDestinatie() < o2.getDestinatie(); }));
        -:  269:
        -:  270:    // Sortare după tip+preț
        2:  271:    Oferta of4{"Hotel4", "Grecia", "Excursie", 80.0, 4}; // Tip diferit: "Excursie" vs "Cazare"
        1:  271-block  0
call    0 returned 1
call    1 returned 1
branch  2 taken 1 (fallthrough)
branch  3 taken 0 (throw)
        1:  271-block  1
call    4 returned 1
call    5 returned 1
branch  6 taken 1 (fallthrough)
branch  7 taken 0 (throw)
        1:  271-block  2
call    8 returned 1
call    9 returned 1
branch 10 taken 1 (fallthrough)
branch 11 taken 0 (throw)
        1:  271-block  3
call   12 returned 1
call   13 returned 1
call   14 returned 1
call   15 returned 1
call   16 returned 1
call   17 returned 1
    $$$$$:  271-block  4
    $$$$$:  271-block  5
    $$$$$:  271-block  6
    $$$$$:  271-block  7
    $$$$$:  271-block  8
        1:  272:    service.serviceAdaugaOferta(of4);
call    0 returned 1
branch  1 taken 1 (fallthrough)
branch  2 taken 0 (throw)
        1:  273:    service.serviceSortareOferta(3);
        1:  273-block  0
call    0 returned 1
branch  1 taken 1 (fallthrough)
branch  2 taken 0 (throw)
        1:  274:    auto sortTipPret = service.serviceGetAllOferte();
        1:  274-block  0
call    0 returned 1
branch  1 taken 1 (fallthrough)
branch  2 taken 0 (throw)
        1:  275:    assert(sortTipPret.size() == 4);
        1:  275-block  0
call    0 returned 1
branch  1 taken 0 (fallthrough)
branch  2 taken 1
    $$$$$:  275-block  1
call    3 never executed
        -:  276:
function _ZZ18testeServiceOfertavENKUlRK6OfertaS1_E1_clES1_S1_ called 3 returned 100% blocks executed 76%
        4:  277:    assert(is_sorted(sortTipPret.begin(), sortTipPret.end(),
        1:  277-block  0
call    0 returned 1
call    1 returned 1
call    2 returned 1
branch  3 taken 1 (fallthrough)
branch  4 taken 0 (throw)
        1:  277-block  1
branch  5 taken 0 (fallthrough)
branch  6 taken 1
    $$$$$:  277-block  2
call    7 never executed
        3:  277-block  3
call    8 returned 3
call    9 returned 3
branch 10 taken 3 (fallthrough)
branch 11 taken 0 (throw)
        3:  277-block  4
call   12 returned 3
call   13 returned 3
call   14 returned 3
branch 15 taken 2 (fallthrough)
branch 16 taken 1
        2:  277-block  5
call   17 returned 2
call   18 returned 2
        1:  277-block  6
call   19 returned 1
call   20 returned 1
branch 21 taken 1 (fallthrough)
branch 22 taken 0 (throw)
        1:  277-block  7
call   23 returned 1
branch 24 taken 1 (fallthrough)
branch 25 taken 0 (throw)
        1:  277-block  8
call   26 returned 1
call   27 returned 1
call   28 returned 1
call   29 returned 1
    $$$$$:  277-block  9
call   30 never executed
    $$$$$:  277-block 10
call   31 never executed
    $$$$$:  277-block 11
call   32 never executed
    $$$$$:  277-block 12
        -:  278:           [](const Oferta& o1, const Oferta& o2) {
        -:  279:               if (o1.getTip() == o2.getTip())
        -:  280:                   return o1.getPret() < o2.getPret();
        -:  281:               return o1.getTip() < o2.getTip();
        -:  282:           }));
        -:  283:
        -:  284:
        -:  285:    /* --- Test getAllOferte --- */
        -:  286:
        1:  287:    assert(service.serviceGetAllOferte().size() == 4);
        1:  287-block  0
call    0 returned 1
branch  1 taken 1 (fallthrough)
branch  2 taken 0 (throw)
        1:  287-block  1
call    3 returned 1
branch  4 taken 0 (fallthrough)
branch  5 taken 1
    $$$$$:  287-block  2
call    6 never executed
        1:  287-block  3
call    7 returned 1
        -:  288:
        -:  289:    /* --- Test setAllOferte --- */
        -:  290:
        4:  291:    vector<Oferta> oferteNoi = {of1, of2};
call    0 returned 1
branch  1 taken 1 (fallthrough)
branch  2 taken 0 (throw)
        1:  291-block  0
call    3 returned 1
branch  4 taken 1 (fallthrough)
branch  5 taken 0 (throw)
        1:  291-block  1
call    6 returned 1
call    7 returned 1
branch  8 taken 1 (fallthrough)
branch  9 taken 0 (throw)
        2:  291-block  2
call   10 returned 2
    $$$$$:  291-block  3
    $$$$$:  291-block  4
    $$$$$:  291-block  5
call   11 never executed
    $$$$$:  291-block  6
        1:  292:    service.serviceSetAllOferte(oferteNoi);
        1:  292-block  0
call    0 returned 1
branch  1 taken 1 (fallthrough)
branch  2 taken 0 (throw)
        1:  293:    assert(service.serviceGetAllOferte().size() == 2);
        1:  293-block  0
call    0 returned 1
branch  1 taken 1 (fallthrough)
branch  2 taken 0 (throw)
        1:  293-block  1
call    3 returned 1
branch  4 taken 0 (fallthrough)
branch  5 taken 1
    $$$$$:  293-block  2
call    6 never executed
        1:  293-block  3
call    7 returned 1
        -:  294:
        1:  295:}
call    0 returned 1
call    1 returned 1
call    2 returned 1
call    3 returned 1
call    4 returned 1
call    5 returned 1
call    6 returned 1
call    7 returned 1
call    8 returned 1
call    9 returned 1
call   10 returned 1
call   11 returned 1
call   12 returned 1
call   13 returned 1
call   14 returned 1
call   15 returned 1
call   16 returned 1
call   17 returned 1
    $$$$$:  295-block  0
call   18 never executed
    $$$$$:  295-block  1
call   19 never executed
    $$$$$:  295-block  2
call   20 never executed
    $$$$$:  295-block  3
call   21 never executed
    $$$$$:  295-block  4
call   22 never executed
    $$$$$:  295-block  5
call   23 never executed
    $$$$$:  295-block  6
call   24 never executed
    $$$$$:  295-block  7
call   25 never executed
    $$$$$:  295-block  8
call   26 never executed
    $$$$$:  295-block  9
call   27 never executed
    $$$$$:  295-block 10
call   28 never executed
    $$$$$:  295-block 11
call   29 never executed
    $$$$$:  295-block 12
call   30 never executed
    $$$$$:  295-block 13
call   31 never executed
    $$$$$:  295-block 14
call   32 never executed
    $$$$$:  295-block 15
call   33 never executed
    $$$$$:  295-block 16
call   34 never executed
    $$$$$:  295-block 17
call   35 never executed
        -:  296:
        -:  297:/// Teste Service Cos
function _Z15testeServiceCosv called 1 returned 100% blocks executed 56%
        1:  298:void testeServiceCos() {
        1:  299:    Repository<Oferta> repo;
        1:  299-block  0
call    0 returned 1
        1:  300:    ServiceOferta serviceOferta{repo};
call    0 returned 1
        1:  301:    ServiceCos serviceCos{repo};
call    0 returned 1
        -:  302:    
        2:  303:    Oferta o1{"Hotel Malibu", "Mamaia", "Hotel", 500.0, 1};
call    0 returned 1
call    1 returned 1
branch  2 taken 1 (fallthrough)
branch  3 taken 0 (throw)
        1:  303-block  0
call    4 returned 1
call    5 returned 1
branch  6 taken 1 (fallthrough)
branch  7 taken 0 (throw)
        1:  303-block  1
call    8 returned 1
call    9 returned 1
branch 10 taken 1 (fallthrough)
branch 11 taken 0 (throw)
        1:  303-block  2
call   12 returned 1
call   13 returned 1
call   14 returned 1
call   15 returned 1
call   16 returned 1
call   17 returned 1
    $$$$$:  303-block  3
    $$$$$:  303-block  4
    $$$$$:  303-block  5
    $$$$$:  303-block  6
    $$$$$:  303-block  7
        2:  304:    Oferta o2{"Vila Maria", "Sinaia", "Vila", 350.0, 2};
call    0 returned 1
call    1 returned 1
branch  2 taken 1 (fallthrough)
branch  3 taken 0 (throw)
        1:  304-block  0
call    4 returned 1
call    5 returned 1
branch  6 taken 1 (fallthrough)
branch  7 taken 0 (throw)
        1:  304-block  1
call    8 returned 1
call    9 returned 1
branch 10 taken 1 (fallthrough)
branch 11 taken 0 (throw)
        1:  304-block  2
call   12 returned 1
call   13 returned 1
call   14 returned 1
call   15 returned 1
call   16 returned 1
call   17 returned 1
    $$$$$:  304-block  3
    $$$$$:  304-block  4
    $$$$$:  304-block  5
    $$$$$:  304-block  6
    $$$$$:  304-block  7
        2:  305:    Oferta o3{"Pensiune Alpin", "Predeal", "Pensiune", 200.0, 3};
call    0 returned 1
call    1 returned 1
branch  2 taken 1 (fallthrough)
branch  3 taken 0 (throw)
        1:  305-block  0
call    4 returned 1
call    5 returned 1
branch  6 taken 1 (fallthrough)
branch  7 taken 0 (throw)
        1:  305-block  1
call    8 returned 1
call    9 returned 1
branch 10 taken 1 (fallthrough)
branch 11 taken 0 (throw)
        1:  305-block  2
call   12 returned 1
call   13 returned 1
call   14 returned 1
call   15 returned 1
call   16 returned 1
call   17 returned 1
    $$$$$:  305-block  3
    $$$$$:  305-block  4
    $$$$$:  305-block  5
    $$$$$:  305-block  6
    $$$$$:  305-block  7
        -:  306:    
        1:  307:    serviceOferta.serviceAdaugaOferta(o1);
call    0 returned 1
branch  1 taken 1 (fallthrough)
branch  2 taken 0 (throw)
        1:  308:    serviceOferta.serviceAdaugaOferta(o2);
        1:  308-block  0
call    0 returned 1
branch  1 taken 1 (fallthrough)
branch  2 taken 0 (throw)
        1:  309:    serviceOferta.serviceAdaugaOferta(o3);
        1:  309-block  0
call    0 returned 1
branch  1 taken 1 (fallthrough)
branch  2 taken 0 (throw)
        -:  310:    
        1:  311:    serviceCos.adaugaOfertaInCos(1);
        1:  311-block  0
call    0 returned 1
branch  1 taken 1 (fallthrough)
branch  2 taken 0 (throw)
       1*:  312:    assert(serviceCos.getSize() == 1);
        1:  312-block  0
call    0 returned 1
branch  1 taken 1 (fallthrough)
branch  2 taken 0 (throw)
        1:  312-block  1
branch  3 taken 0 (fallthrough)
branch  4 taken 1
    %%%%%:  312-block  2
call    5 never executed
        -:  313:    
        1:  314:    serviceCos.adaugaOfertaInCos(2);
        1:  314-block  0
call    0 returned 1
branch  1 taken 1 (fallthrough)
branch  2 taken 0 (throw)
       1*:  315:    assert(serviceCos.getSize() == 2);
        1:  315-block  0
call    0 returned 1
branch  1 taken 1 (fallthrough)
branch  2 taken 0 (throw)
        1:  315-block  1
branch  3 taken 0 (fallthrough)
branch  4 taken 1
    %%%%%:  315-block  2
call    5 never executed
        -:  316:    
        1:  317:    auto cosOferte = serviceCos.getCos();
        1:  317-block  0
call    0 returned 1
branch  1 taken 1 (fallthrough)
branch  2 taken 0 (throw)
       1*:  318:    assert(cosOferte[0].getId() == 1);
        1:  318-block  0
call    0 returned 1
call    1 returned 1
branch  2 taken 1 (fallthrough)
branch  3 taken 0 (throw)
        1:  318-block  1
branch  4 taken 0 (fallthrough)
branch  5 taken 1
    %%%%%:  318-block  2
call    6 never executed
       1*:  319:    assert(cosOferte[1].getId() == 2);
        1:  319-block  0
call    0 returned 1
call    1 returned 1
branch  2 taken 1 (fallthrough)
branch  3 taken 0 (throw)
        1:  319-block  1
branch  4 taken 0 (fallthrough)
branch  5 taken 1
    %%%%%:  319-block  2
call    6 never executed
        -:  320:    
        -:  321:    try {
        1:  322:        serviceCos.adaugaOfertaInCos(99);
        1:  322-block  0
call    0 returned 1
branch  1 taken 0 (fallthrough)
branch  2 taken 1 (throw)
    #####:  323:        assert(false);
    %%%%%:  323-block  0
call    0 never executed
        1:  324:    } catch (const RepoError& err) {
        1:  324-block  0
branch  0 taken 0 (fallthrough)
branch  1 taken 1
        1:  324-block  1
call    2 returned 1
        1:  325:        assert(err.getMessage() == "Nu exista niciun element, cu id-ul 99!\n");
call    0 returned 1
call    1 returned 1
branch  2 taken 0 (fallthrough)
branch  3 taken 1
    $$$$$:  325-block  0
call    4 never executed
        1:  326:    }
        1:  326-block  0
call    0 returned 1
branch  1 taken 1 (fallthrough)
branch  2 taken 0 (throw)
        -:  327:
        1:  328:    serviceCos.golesteCos();
        1:  328-block  0
call    0 returned 1
branch  1 taken 1 (fallthrough)
branch  2 taken 0 (throw)
        1:  329:    assert(serviceCos.getSize() == 0);
        1:  329-block  0
call    0 returned 1
branch  1 taken 1 (fallthrough)
branch  2 taken 0 (throw)
        1:  329-block  1
branch  3 taken 0 (fallthrough)
branch  4 taken 1
    $$$$$:  329-block  2
call    5 never executed
        -:  330:
        1:  331:    serviceCos.genereazaCosAleator(2);
        1:  331-block  0
call    0 returned 1
branch  1 taken 1 (fallthrough)
branch  2 taken 0 (throw)
        1:  332:    assert(serviceCos.getSize() == 2);
        1:  332-block  0
call    0 returned 1
branch  1 taken 1 (fallthrough)
branch  2 taken 0 (throw)
        1:  332-block  1
branch  3 taken 0 (fallthrough)
branch  4 taken 1
    $$$$$:  332-block  2
call    5 never executed
        -:  333:
        1:  334:    serviceCos.golesteCos();
        1:  334-block  0
call    0 returned 1
branch  1 taken 1 (fallthrough)
branch  2 taken 0 (throw)
        1:  335:    repo.repoSetAllElems({});
        1:  335-block  0
call    0 returned 1
call    1 returned 1
branch  2 taken 1 (fallthrough)
branch  3 taken 0 (throw)
        1:  335-block  1
call    4 returned 1
    $$$$$:  335-block  2
call    5 never executed
    $$$$$:  335-block  3
        -:  336:
        -:  337:    try {
        1:  338:        serviceCos.genereazaCosAleator(10);
call    0 returned 1
branch  1 taken 0 (fallthrough)
branch  2 taken 1 (throw)
    =====:  339:        assert(false);
    $$$$$:  339-block  0
call    0 never executed
        1:  340:    } catch (const ServiceError& err) {
        1:  340-block  0
branch  0 taken 0 (fallthrough)
branch  1 taken 1
        1:  340-block  1
call    2 returned 1
        1:  341:        assert(err.getMessage() == "Nu exista oferte salvate pentru a genera un cos!\n");
call    0 returned 1
call    1 returned 1
branch  2 taken 0 (fallthrough)
branch  3 taken 1
    $$$$$:  341-block  0
call    4 never executed
        1:  342:    }
        1:  342-block  0
call    0 returned 1
branch  1 taken 1 (fallthrough)
branch  2 taken 0 (throw)
        -:  343:
        1:  344:}
        1:  344-block  0
call    0 returned 1
call    1 returned 1
call    2 returned 1
call    3 returned 1
call    4 returned 1
call    5 returned 1
    $$$$$:  344-block  1
call    6 never executed
    $$$$$:  344-block  2
call    7 never executed
    $$$$$:  344-block  3
call    8 never executed
    $$$$$:  344-block  4
call    9 never executed
    $$$$$:  344-block  5
call   10 never executed
    $$$$$:  344-block  6
call   11 never executed
        -:  345:
        -:  346:/// Teste pentru FileRepository (testat pe oferta, dar e generic)
function _Z19testeFileRepositoryv called 1 returned 100% blocks executed 53%
        1:  347:void testeFileRepository() {
        1:  348:    string testFile = "test_file_repo.txt";
        1:  348-block  0
call    0 returned 1
call    1 returned 1
branch  2 taken 1 (fallthrough)
branch  3 taken 0 (throw)
    $$$$$:  348-block  1
        1:  349:    remove(testFile.c_str());
call    0 returned 1
call    1 returned 1
        -:  350:    
        1:  351:    FileRepository<Oferta> repo{testFile};
call    0 returned 1
branch  1 taken 1 (fallthrough)
branch  2 taken 0 (throw)
       1*:  352:    assert(repo.repoGetAllElems().empty());
        1:  352-block  0
call    0 returned 1
branch  1 taken 1 (fallthrough)
branch  2 taken 0 (throw)
        1:  352-block  1
call    3 returned 1
branch  4 taken 0 (fallthrough)
branch  5 taken 1
    %%%%%:  352-block  2
call    6 never executed
        1:  352-block  3
call    7 returned 1
        -:  353:    
        2:  354:    Oferta o1{"Test1", "Dest1", "Tip1", 100.0, 1};
call    0 returned 1
call    1 returned 1
branch  2 taken 1 (fallthrough)
branch  3 taken 0 (throw)
        1:  354-block  0
call    4 returned 1
call    5 returned 1
branch  6 taken 1 (fallthrough)
branch  7 taken 0 (throw)
        1:  354-block  1
call    8 returned 1
call    9 returned 1
branch 10 taken 1 (fallthrough)
branch 11 taken 0 (throw)
        1:  354-block  2
call   12 returned 1
call   13 returned 1
call   14 returned 1
call   15 returned 1
call   16 returned 1
call   17 returned 1
    $$$$$:  354-block  3
    $$$$$:  354-block  4
    $$$$$:  354-block  5
    $$$$$:  354-block  6
    $$$$$:  354-block  7
        1:  355:    repo.repoAdaugaElem(o1);
call    0 returned 1
branch  1 taken 1 (fallthrough)
branch  2 taken 0 (throw)
       1*:  356:    assert(repo.repoGetAllElems().size() == 1);
        1:  356-block  0
call    0 returned 1
branch  1 taken 1 (fallthrough)
branch  2 taken 0 (throw)
        1:  356-block  1
call    3 returned 1
branch  4 taken 0 (fallthrough)
branch  5 taken 1
    %%%%%:  356-block  2
call    6 never executed
        1:  356-block  3
call    7 returned 1
        -:  357:    
        2:  358:    Oferta o2{"Test2", "Dest2", "Tip2", 200.0, 2};
call    0 returned 1
call    1 returned 1
branch  2 taken 1 (fallthrough)
branch  3 taken 0 (throw)
        1:  358-block  0
call    4 returned 1
call    5 returned 1
branch  6 taken 1 (fallthrough)
branch  7 taken 0 (throw)
        1:  358-block  1
call    8 returned 1
call    9 returned 1
branch 10 taken 1 (fallthrough)
branch 11 taken 0 (throw)
        1:  358-block  2
call   12 returned 1
call   13 returned 1
call   14 returned 1
call   15 returned 1
call   16 returned 1
call   17 returned 1
    $$$$$:  358-block  3
    $$$$$:  358-block  4
    $$$$$:  358-block  5
    $$$$$:  358-block  6
    $$$$$:  358-block  7
        1:  359:    repo.repoAdaugaElem(o2);
call    0 returned 1
branch  1 taken 1 (fallthrough)
branch  2 taken 0 (throw)
       1*:  360:    assert(repo.repoGetAllElems().size() == 2);
        1:  360-block  0
call    0 returned 1
branch  1 taken 1 (fallthrough)
branch  2 taken 0 (throw)
        1:  360-block  1
call    3 returned 1
branch  4 taken 0 (fallthrough)
branch  5 taken 1
    %%%%%:  360-block  2
call    6 never executed
        1:  360-block  3
call    7 returned 1
        -:  361:    
        2:  362:    Oferta o3{"ModTest", "ModDest", "ModTip", 300.0, 1};
call    0 returned 1
call    1 returned 1
branch  2 taken 1 (fallthrough)
branch  3 taken 0 (throw)
        1:  362-block  0
call    4 returned 1
call    5 returned 1
branch  6 taken 1 (fallthrough)
branch  7 taken 0 (throw)
        1:  362-block  1
call    8 returned 1
call    9 returned 1
branch 10 taken 1 (fallthrough)
branch 11 taken 0 (throw)
        1:  362-block  2
call   12 returned 1
call   13 returned 1
call   14 returned 1
call   15 returned 1
call   16 returned 1
call   17 returned 1
    $$$$$:  362-block  3
    $$$$$:  362-block  4
    $$$$$:  362-block  5
    $$$$$:  362-block  6
    $$$$$:  362-block  7
        1:  363:    repo.repoModificaElem(o3);
call    0 returned 1
branch  1 taken 1 (fallthrough)
branch  2 taken 0 (throw)
        -:  364:    
        1:  365:    Oferta gasita = repo.repoCautaElem(1);
        1:  365-block  0
call    0 returned 1
branch  1 taken 1 (fallthrough)
branch  2 taken 0 (throw)
       1*:  366:    assert(gasita.getDenumire() == "ModTest");
        1:  366-block  0
call    0 returned 1
branch  1 taken 1 (fallthrough)
branch  2 taken 0 (throw)
        1:  366-block  1
call    3 returned 1
branch  4 taken 0 (fallthrough)
branch  5 taken 1
    %%%%%:  366-block  2
call    6 never executed
        1:  366-block  3
call    7 returned 1
        -:  367:    
        1:  368:    repo.repoStergeElem(1);
call    0 returned 1
branch  1 taken 1 (fallthrough)
branch  2 taken 0 (throw)
       1*:  369:    assert(repo.repoGetAllElems().size() == 1);
        1:  369-block  0
call    0 returned 1
branch  1 taken 1 (fallthrough)
branch  2 taken 0 (throw)
        1:  369-block  1
call    3 returned 1
branch  4 taken 0 (fallthrough)
branch  5 taken 1
    %%%%%:  369-block  2
call    6 never executed
        1:  369-block  3
call    7 returned 1
        -:  370:    
        -:  371:    vector<Oferta> lista = {
        -:  372:        Oferta{"New1", "New1", "New1", 150.0, 5},
        -:  373:        Oferta{"New2", "New2", "New2", 250.0, 6}
        5:  374:    };
call    0 returned 1
call    1 returned 1
branch  2 taken 1 (fallthrough)
branch  3 taken 0 (throw)
        1:  374-block  0
call    4 returned 1
call    5 returned 1
branch  6 taken 1 (fallthrough)
branch  7 taken 0 (throw)
        1:  374-block  1
call    8 returned 1
call    9 returned 1
branch 10 taken 1 (fallthrough)
branch 11 taken 0 (throw)
        1:  374-block  2
call   12 returned 1
call   13 returned 1
call   14 returned 1
branch 15 taken 1 (fallthrough)
branch 16 taken 0 (throw)
        1:  374-block  3
call   17 returned 1
call   18 returned 1
branch 19 taken 1 (fallthrough)
branch 20 taken 0 (throw)
        1:  374-block  4
call   21 returned 1
call   22 returned 1
branch 23 taken 1 (fallthrough)
branch 24 taken 0 (throw)
        1:  374-block  5
call   25 returned 1
call   26 returned 1
call   27 returned 1
branch 28 taken 1 (fallthrough)
branch 29 taken 0 (throw)
        2:  374-block  6
call   30 returned 2
        1:  374-block  7
call   31 returned 1
call   32 returned 1
call   33 returned 1
call   34 returned 1
call   35 returned 1
call   36 returned 1
call   37 returned 1
call   38 returned 1
call   39 returned 1
call   40 returned 1
call   41 returned 1
call   42 returned 1
    $$$$$:  374-block  8
    $$$$$:  374-block  9
    $$$$$:  374-block 10
call   43 never executed
    $$$$$:  374-block 11
    $$$$$:  374-block 12
    $$$$$:  374-block 13
    $$$$$:  374-block 14
    $$$$$:  374-block 15
    $$$$$:  374-block 16
    $$$$$:  374-block 17
    $$$$$:  374-block 18
    $$$$$:  374-block 19
    $$$$$:  374-block 20
    $$$$$:  374-block 21
    $$$$$:  374-block 22
    $$$$$:  374-block 23
        1:  375:    repo.repoSetAllElems(lista);
call    0 returned 1
branch  1 taken 1 (fallthrough)
branch  2 taken 0 (throw)
       1*:  376:    assert(repo.repoGetAllElems().size() == 2);
        1:  376-block  0
call    0 returned 1
branch  1 taken 1 (fallthrough)
branch  2 taken 0 (throw)
        1:  376-block  1
call    3 returned 1
branch  4 taken 0 (fallthrough)
branch  5 taken 1
    %%%%%:  376-block  2
call    6 never executed
        1:  376-block  3
call    7 returned 1
        -:  377:    
        1:  378:    FileRepository<Oferta> repo2{testFile};
call    0 returned 1
branch  1 taken 1 (fallthrough)
branch  2 taken 0 (throw)
       1*:  379:    assert(repo2.repoGetAllElems().size() == 2);
        1:  379-block  0
call    0 returned 1
branch  1 taken 1 (fallthrough)
branch  2 taken 0 (throw)
        1:  379-block  1
call    3 returned 1
branch  4 taken 0 (fallthrough)
branch  5 taken 1
    %%%%%:  379-block  2
call    6 never executed
        1:  379-block  3
call    7 returned 1
       1*:  380:    assert(repo2.repoGetAllElems()[0].getId() == 5);
call    0 returned 1
branch  1 taken 1 (fallthrough)
branch  2 taken 0 (throw)
        1:  380-block  0
call    3 returned 1
call    4 returned 1
branch  5 taken 1 (fallthrough)
branch  6 taken 0 (throw)
        1:  380-block  1
branch  7 taken 0 (fallthrough)
branch  8 taken 1
    %%%%%:  380-block  2
call    9 never executed
        1:  380-block  3
call   10 returned 1
    $$$$$:  380-block  4
call   11 never executed
    $$$$$:  380-block  5
        1:  381:    repo2.repoSetAllElems({});
call    0 returned 1
call    1 returned 1
branch  2 taken 1 (fallthrough)
branch  3 taken 0 (throw)
        1:  381-block  0
call    4 returned 1
    $$$$$:  381-block  1
call    5 never executed
    $$$$$:  381-block  2
        -:  382:    
        1:  383:    ofstream fout(testFile);
call    0 returned 1
branch  1 taken 1 (fallthrough)
branch  2 taken 0 (throw)
        1:  384:    fout << "TestLoad,DestLoad,TipLoad,175.000000,7" << endl;
        1:  384-block  0
call    0 returned 1
branch  1 taken 1 (fallthrough)
branch  2 taken 0 (throw)
        1:  384-block  1
call    3 returned 1
branch  4 taken 1 (fallthrough)
branch  5 taken 0 (throw)
        1:  385:    fout.close();
        1:  385-block  0
call    0 returned 1
branch  1 taken 1 (fallthrough)
branch  2 taken 0 (throw)
        -:  386:    
        1:  387:    FileRepository<Oferta> repo3{testFile};
        1:  387-block  0
call    0 returned 1
branch  1 taken 1 (fallthrough)
branch  2 taken 0 (throw)
       1*:  388:    assert(repo3.repoGetAllElems().size() == 1);
        1:  388-block  0
call    0 returned 1
branch  1 taken 1 (fallthrough)
branch  2 taken 0 (throw)
        1:  388-block  1
call    3 returned 1
branch  4 taken 0 (fallthrough)
branch  5 taken 1
    %%%%%:  388-block  2
call    6 never executed
        1:  388-block  3
call    7 returned 1
       1*:  389:    assert(repo3.repoGetAllElems()[0].getId() == 7);
call    0 returned 1
branch  1 taken 1 (fallthrough)
branch  2 taken 0 (throw)
        1:  389-block  0
call    3 returned 1
call    4 returned 1
branch  5 taken 1 (fallthrough)
branch  6 taken 0 (throw)
        1:  389-block  1
branch  7 taken 0 (fallthrough)
branch  8 taken 1
    %%%%%:  389-block  2
call    9 never executed
        1:  389-block  3
call   10 returned 1
    $$$$$:  389-block  4
call   11 never executed
    $$$$$:  389-block  5
        -:  390:    
        1:  391:    remove(testFile.c_str());
call    0 returned 1
call    1 returned 1
        1:  392:}
call    0 returned 1
call    1 returned 1
call    2 returned 1
call    3 returned 1
call    4 returned 1
call    5 returned 1
call    6 returned 1
call    7 returned 1
call    8 returned 1
call    9 returned 1
    $$$$$:  392-block  0
call   10 never executed
    $$$$$:  392-block  1
call   11 never executed
    $$$$$:  392-block  2
call   12 never executed
    $$$$$:  392-block  3
call   13 never executed
    $$$$$:  392-block  4
call   14 never executed
    $$$$$:  392-block  5
call   15 never executed
    $$$$$:  392-block  6
call   16 never executed
    $$$$$:  392-block  7
call   17 never executed
    $$$$$:  392-block  8
call   18 never executed
    $$$$$:  392-block  9
call   19 never executed
        -:  393:
function _ZN5Teste7testAllEv called 1 returned 100% blocks executed 100%
        1:  394:void Teste::testAll() {
        1:  395:    testeDomeniuOferta();
        1:  395-block  0
call    0 returned 1
        1:  396:    testeValidatorOferta();
call    0 returned 1
        1:  397:    testeRepository();
call    0 returned 1
        1:  398:    testeServiceOferta();
call    0 returned 1
        1:  399:    testeServiceCos();
call    0 returned 1
        1:  400:    testeFileRepository();
call    0 returned 1
        1:  401:    cout<<"Teste rulate cu succes!\n";
call    0 returned 1
        1:  402:}
