        -:    0:Source:/mnt/d/Facultate/OOP/Lab6-11/Exceptii/Exceptii.h
        -:    0:Graph:/mnt/d/Facultate/OOP/Lab6-11/cmake-build-debug-coverage/CMakeFiles/Lab6_11.dir/Teste/Teste.cpp.gcno
        -:    0:Data:/mnt/d/Facultate/OOP/Lab6-11/cmake-build-debug-coverage/CMakeFiles/Lab6_11.dir/Teste/Teste.cpp.gcda
        -:    0:Runs:1
        -:    1://
        -:    2:// Created by alxma on 4/24/2025.
        -:    3://
        -:    4:
        -:    5:#ifndef EXCEPTII_H
        -:    6:#define EXCEPTII_H
        -:    7:#include <string>
        -:    8:using namespace std;
        -:    9:
        -:   10:class Exceptie{
        -:   11:private:
        -:   12:    string message;
        -:   13:public:
function _ZN8ExceptieC2ERKNSt7__cxx1112basic_stringIcSt11char_traitsIcESaIcEEE called 13 returned 100% blocks executed 100%
       13:   14:    explicit Exceptie(const string &message):message(message){}
       13:   14-block  0
call    0 returned 13
function _ZNK8Exceptie10getMessageB5cxx11Ev called 13 returned 100% blocks executed 100%
       13:   15:    const string& getMessage()const{
       13:   16:        return message;
       13:   16-block  0
        -:   17:    }
        -:   18:};
        -:   19:
        -:   20:class ValidationError : public Exceptie{
        -:   21:public:
        -:   22:    explicit ValidationError(const string &message):Exceptie(message){}
        -:   23:};
        -:   24:
        -:   25:class RepoError : public Exceptie{
        -:   26:public:
function _ZN9RepoErrorC2ERKNSt7__cxx1112basic_stringIcSt11char_traitsIcESaIcEEE called 9 returned 100% blocks executed 100%
        9:   27:    explicit RepoError(const string &message):Exceptie(message){}
        9:   27-block  0
call    0 returned 9
        -:   28:};
        -:   29:
        -:   30:class ServiceError : public Exceptie{
        -:   31:public:
        -:   32:    explicit ServiceError(const string &message):Exceptie(message){}
        -:   33:};
        -:   34:#endif //EXCEPTII_H
